<?xml version="1.0" encoding="UTF-8"?>
<!-- Generated by org.testng.reporters.JUnitXMLReporter -->
<testsuite hostname="tester" ignored="0" name="Default test" tests="5" failures="0" timestamp="19 Jun 2017 17:41:19 GMT" time="42.076" errors="0">
  <testcase name="setData" time="8.08" classname="pages.LoginPage"/>
  <testcase name="setData" time="7.866" classname="pages.LoginPage"/>
  <testcase name="setData" time="7.852" classname="pages.LoginPage"/>
  <testcase name="setData" time="7.907" classname="pages.LoginPage"/>
  <testcase name="setData" time="7.874" classname="pages.LoginPage"/>
</testsuite> <!-- Default test -->
