<?xml version="1.0" encoding="UTF-8"?>
<testng-results skipped="0" failed="0" ignored="0" total="5" passed="5">
  <reporter-output>
  </reporter-output>
  <suite name="Default suite" duration-ms="43593" started-at="2017-06-19T20:11:21Z" finished-at="2017-06-19T20:12:05Z">
    <groups>
    </groups>
    <test name="Default test" duration-ms="43593" started-at="2017-06-19T20:11:21Z" finished-at="2017-06-19T20:12:05Z">
      <class name="pages.LoginPage">
        <test-method status="PASS" signature="StartBrowser()[pri:0, instance:pages.LoginPage@4dfa3a9d]" name="StartBrowser" is-config="true" duration-ms="15262" started-at="2017-06-20T01:41:06Z" finished-at="2017-06-20T01:41:21Z">
          <reporter-output>
          </reporter-output>
        </test-method> <!-- StartBrowser -->
        <test-method status="PASS" signature="setData(java.lang.String, java.lang.String)[pri:0, instance:pages.LoginPage@4dfa3a9d]" name="setData" duration-ms="9035" started-at="2017-06-20T01:41:23Z" data-provider="DP1" finished-at="2017-06-20T01:41:32Z">
          <params>
            <param index="0">
              <value>
                <![CDATA[testuser1]]>
              </value>
            </param>
            <param index="1">
              <value>
                <![CDATA[testpass1]]>
              </value>
            </param>
          </params>
          <reporter-output>
          </reporter-output>
        </test-method> <!-- setData -->
        <test-method status="PASS" signature="setData(java.lang.String, java.lang.String)[pri:0, instance:pages.LoginPage@4dfa3a9d]" name="setData" duration-ms="8176" started-at="2017-06-20T01:41:32Z" data-provider="DP1" finished-at="2017-06-20T01:41:40Z">
          <params>
            <param index="0">
              <value>
                <![CDATA[testuser2]]>
              </value>
            </param>
            <param index="1">
              <value>
                <![CDATA[testpass2]]>
              </value>
            </param>
          </params>
          <reporter-output>
          </reporter-output>
        </test-method> <!-- setData -->
        <test-method status="PASS" signature="setData(java.lang.String, java.lang.String)[pri:0, instance:pages.LoginPage@4dfa3a9d]" name="setData" duration-ms="8595" started-at="2017-06-20T01:41:40Z" data-provider="DP1" finished-at="2017-06-20T01:41:49Z">
          <params>
            <param index="0">
              <value>
                <![CDATA[testuser3]]>
              </value>
            </param>
            <param index="1">
              <value>
                <![CDATA[testpass3]]>
              </value>
            </param>
          </params>
          <reporter-output>
          </reporter-output>
        </test-method> <!-- setData -->
        <test-method status="PASS" signature="setData(java.lang.String, java.lang.String)[pri:0, instance:pages.LoginPage@4dfa3a9d]" name="setData" duration-ms="8209" started-at="2017-06-20T01:41:49Z" data-provider="DP1" finished-at="2017-06-20T01:41:57Z">
          <params>
            <param index="0">
              <value>
                <![CDATA[testuser4]]>
              </value>
            </param>
            <param index="1">
              <value>
                <![CDATA[testpass4]]>
              </value>
            </param>
          </params>
          <reporter-output>
          </reporter-output>
        </test-method> <!-- setData -->
        <test-method status="PASS" signature="setData(java.lang.String, java.lang.String)[pri:0, instance:pages.LoginPage@4dfa3a9d]" name="setData" duration-ms="8050" started-at="2017-06-20T01:41:57Z" data-provider="DP1" finished-at="2017-06-20T01:42:05Z">
          <params>
            <param index="0">
              <value>
                <![CDATA[testuser5]]>
              </value>
            </param>
            <param index="1">
              <value>
                <![CDATA[testpass5]]>
              </value>
            </param>
          </params>
          <reporter-output>
          </reporter-output>
        </test-method> <!-- setData -->
        <test-method status="PASS" signature="EndBrowser()[pri:0, instance:pages.LoginPage@4dfa3a9d]" name="EndBrowser" is-config="true" duration-ms="1979" started-at="2017-06-20T01:42:05Z" finished-at="2017-06-20T01:42:07Z">
          <reporter-output>
          </reporter-output>
        </test-method> <!-- EndBrowser -->
      </class> <!-- pages.LoginPage -->
    </test> <!-- Default test -->
  </suite> <!-- Default suite -->
</testng-results>
