<?xml version="1.0" encoding="UTF-8"?>
<!-- Generated by org.testng.reporters.JUnitXMLReporter -->
<testsuite hostname="tester" ignored="0" name="Test" tests="5" failures="0" timestamp="19 Jun 2017 19:40:00 GMT" time="42.271" errors="0">
  <testcase name="setData" time="8.195" classname="pages.LoginPage"/>
  <testcase name="setData" time="7.977" classname="pages.LoginPage"/>
  <testcase name="setData" time="7.805" classname="pages.LoginPage"/>
  <testcase name="setData" time="7.811" classname="pages.LoginPage"/>
  <testcase name="setData" time="7.741" classname="pages.LoginPage"/>
</testsuite> <!-- Test -->
